

7/3/2016 5:46:41 PM: Opened log
5:46:41 PM: Exception occured!
Message: Exception of type 'TCPTCPGecko.ETCPGeckoException' was thrown.
Stack Trace: 
   at TCPTCPGecko.TCPGecko.Dump(UInt32 startdump, UInt32 enddump, Stream[] saveStream) in f:\Crap\Desktop Crap\newgecko\tcp-gecko-dotnet-master\Gecko dNet\TCPGecko.cs:line 525
   at TCPTCPGecko.TCPGecko.Dump(UInt32 startdump, UInt32 enddump, Stream saveStream) in f:\Crap\Desktop Crap\newgecko\tcp-gecko-dotnet-master\Gecko dNet\TCPGecko.cs:line 492
   at GeckoApp.MemoryViewer.Update(Boolean fast) in f:\Crap\Desktop Crap\newgecko\tcp-gecko-dotnet-master\Gecko dNet\MemViewer.cs:line 136
Inner Exception: 
5:46:46 PM: Exception occured!
Message: Exception of type 'TCPTCPGecko.ETCPGeckoException' was thrown.
Stack Trace: 
   at TCPTCPGecko.TCPGecko.Dump(UInt32 startdump, UInt32 enddump, Stream[] saveStream) in f:\Crap\Desktop Crap\newgecko\tcp-gecko-dotnet-master\Gecko dNet\TCPGecko.cs:line 525
   at TCPTCPGecko.TCPGecko.Dump(UInt32 startdump, UInt32 enddump, Stream saveStream) in f:\Crap\Desktop Crap\newgecko\tcp-gecko-dotnet-master\Gecko dNet\TCPGecko.cs:line 492
   at TCPTCPGecko.TCPGecko.peek(UInt32 address) in f:\Crap\Desktop Crap\newgecko\tcp-gecko-dotnet-master\Gecko dNet\TCPGecko.cs:line 1400
   at GeckoApp.MemoryViewer.CellSelectionChange(Object sender, EventArgs e) in f:\Crap\Desktop Crap\newgecko\tcp-gecko-dotnet-master\Gecko dNet\MemViewer.cs:line 338
Inner Exception: 
5:46:46 PM: Exception occured!
Message: Exception of type 'TCPTCPGecko.ETCPGeckoException' was thrown.
Stack Trace: 
   at TCPTCPGecko.TCPGecko.Dump(UInt32 startdump, UInt32 enddump, Stream[] saveStream) in f:\Crap\Desktop Crap\newgecko\tcp-gecko-dotnet-master\Gecko dNet\TCPGecko.cs:line 525
   at TCPTCPGecko.TCPGecko.Dump(UInt32 startdump, UInt32 enddump, Stream saveStream) in f:\Crap\Desktop Crap\newgecko\tcp-gecko-dotnet-master\Gecko dNet\TCPGecko.cs:line 492
   at GeckoApp.MemoryViewer.Update(Boolean fast) in f:\Crap\Desktop Crap\newgecko\tcp-gecko-dotnet-master\Gecko dNet\MemViewer.cs:line 136
Inner Exception: 
5:46:51 PM: Exception occured!
Message: Exception of type 'TCPTCPGecko.ETCPGeckoException' was thrown.
Stack Trace: 
   at TCPTCPGecko.TCPGecko.Dump(UInt32 startdump, UInt32 enddump, Stream[] saveStream) in f:\Crap\Desktop Crap\newgecko\tcp-gecko-dotnet-master\Gecko dNet\TCPGecko.cs:line 525
   at TCPTCPGecko.TCPGecko.Dump(UInt32 startdump, UInt32 enddump, Stream saveStream) in f:\Crap\Desktop Crap\newgecko\tcp-gecko-dotnet-master\Gecko dNet\TCPGecko.cs:line 492
   at GeckoApp.MemoryViewer.Update(Boolean fast) in f:\Crap\Desktop Crap\newgecko\tcp-gecko-dotnet-master\Gecko dNet\MemViewer.cs:line 136
Inner Exception: 
